[0.037s] Invoking command in '/home/sw/ros2_ws/src/ros2-aerial-manipulator/build/omx_moveit_pick_cpp': CMAKE_PREFIX_PATH=${CMAKE_PREFIX_PATH}:/home/sw/ros2_ws/install/camera_detection:/home/sw/ros2_ws/src/PX4-ROS2/install/camera_detection:/home/sw/install/yolo_detection:/home/sw/install/camera_detection:/opt/ros/humble /usr/bin/cmake /home/sw/ros2_ws/src/ros2-aerial-manipulator/omx_moveit_pick_cpp -DCMAKE_INSTALL_PREFIX=/home/sw/ros2_ws/src/ros2-aerial-manipulator/install/omx_moveit_pick_cpp
[0.135s] -- The C compiler identification is GNU 11.4.0
[0.239s] -- The CXX compiler identification is GNU 11.4.0
[0.255s] -- Detecting C compiler ABI info
[0.381s] -- Detecting C compiler ABI info - done
[0.393s] -- Check for working C compiler: /usr/bin/cc - skipped
[0.393s] -- Detecting C compile features
[0.394s] -- Detecting C compile features - done
[0.400s] -- Detecting CXX compiler ABI info
[0.536s] -- Detecting CXX compiler ABI info - done
[0.550s] -- Check for working CXX compiler: /usr/bin/c++ - skipped
[0.550s] -- Detecting CXX compile features
[0.550s] -- Detecting CXX compile features - done
[0.555s] -- Found ament_cmake: 1.3.12 (/opt/ros/humble/share/ament_cmake/cmake)
[0.906s] -- Found Python3: /usr/bin/python3 (found version "3.10.12") found components: Interpreter 
[1.136s] -- Found rclcpp: 16.0.16 (/opt/ros/humble/share/rclcpp/cmake)
[1.235s] -- Found rosidl_generator_c: 3.1.7 (/opt/ros/humble/share/rosidl_generator_c/cmake)
[1.251s] -- Found rosidl_adapter: 3.1.7 (/opt/ros/humble/share/rosidl_adapter/cmake)
[1.270s] -- Found rosidl_generator_cpp: 3.1.7 (/opt/ros/humble/share/rosidl_generator_cpp/cmake)
[1.293s] -- Using all available rosidl_typesupport_c: rosidl_typesupport_fastrtps_c;rosidl_typesupport_introspection_c
[1.324s] -- Using all available rosidl_typesupport_cpp: rosidl_typesupport_fastrtps_cpp;rosidl_typesupport_introspection_cpp
[1.413s] -- Found rmw_implementation_cmake: 6.1.2 (/opt/ros/humble/share/rmw_implementation_cmake/cmake)
[1.419s] -- Found rmw_fastrtps_cpp: 6.2.9 (/opt/ros/humble/share/rmw_fastrtps_cpp/cmake)
[1.582s] -- Found OpenSSL: /usr/lib/aarch64-linux-gnu/libcrypto.so (found version "3.0.2")  
[1.636s] -- Found FastRTPS: /opt/ros/humble/include  
[1.712s] -- Using RMW implementation 'rmw_fastrtps_cpp' as default
[1.731s] -- Looking for pthread.h
[1.864s] -- Looking for pthread.h - found
[1.865s] -- Performing Test CMAKE_HAVE_LIBC_PTHREAD
[2.002s] -- Performing Test CMAKE_HAVE_LIBC_PTHREAD - Success
[2.006s] -- Found Threads: TRUE  
[2.136s] -- Found rclcpp_action: 16.0.16 (/opt/ros/humble/share/rclcpp_action/cmake)
[2.213s] [31mCMake Error at CMakeLists.txt:11 (find_package):
[2.213s]   By not providing "Findcontrol_msgs.cmake" in CMAKE_MODULE_PATH this project
[2.213s]   has asked CMake to find a package configuration file provided by
[2.214s]   "control_msgs", but CMake did not find one.
[2.214s] 
[2.214s]   Could not find a package configuration file provided by "control_msgs" with
[2.214s]   any of the following names:
[2.214s] 
[2.214s]     control_msgsConfig.cmake
[2.214s]     control_msgs-config.cmake
[2.214s] 
[2.214s]   Add the installation prefix of "control_msgs" to CMAKE_PREFIX_PATH or set
[2.214s]   "control_msgs_DIR" to a directory containing one of the above files.  If
[2.215s]   "control_msgs" provides a separate development package or SDK, be sure it
[2.215s]   has been installed.
[2.215s] 
[2.215s] [0m
[2.215s] -- Configuring incomplete, errors occurred!
[2.215s] See also "/home/sw/ros2_ws/src/ros2-aerial-manipulator/build/omx_moveit_pick_cpp/CMakeFiles/CMakeOutput.log".
[2.236s] Invoked command in '/home/sw/ros2_ws/src/ros2-aerial-manipulator/build/omx_moveit_pick_cpp' returned '1': CMAKE_PREFIX_PATH=${CMAKE_PREFIX_PATH}:/home/sw/ros2_ws/install/camera_detection:/home/sw/ros2_ws/src/PX4-ROS2/install/camera_detection:/home/sw/install/yolo_detection:/home/sw/install/camera_detection:/opt/ros/humble /usr/bin/cmake /home/sw/ros2_ws/src/ros2-aerial-manipulator/omx_moveit_pick_cpp -DCMAKE_INSTALL_PREFIX=/home/sw/ros2_ws/src/ros2-aerial-manipulator/install/omx_moveit_pick_cpp
