[0.031s] Invoking command in '/home/sw/ros2_ws/src/ros2-aerial-manipulator/build/omx_real_pick': CMAKE_PREFIX_PATH=${CMAKE_PREFIX_PATH}:/home/sw/ros2_ws/install/camera_detection:/home/sw/ros2_ws/src/PX4-ROS2/install/camera_detection:/home/sw/install/yolo_detection:/home/sw/install/camera_detection:/opt/ros/humble /usr/bin/cmake /home/sw/ros2_ws/src/ros2-aerial-manipulator/omx_real_pick -DCMAKE_INSTALL_PREFIX=/home/sw/ros2_ws/src/ros2-aerial-manipulator/install/omx_real_pick
[0.140s] -- The C compiler identification is GNU 11.4.0
[0.253s] -- The CXX compiler identification is GNU 11.4.0
[0.265s] -- Detecting C compiler ABI info
[0.390s] -- Detecting C compiler ABI info - done
[0.404s] -- Check for working C compiler: /usr/bin/cc - skipped
[0.404s] -- Detecting C compile features
[0.405s] -- Detecting C compile features - done
[0.410s] -- Detecting CXX compiler ABI info
[0.556s] -- Detecting CXX compiler ABI info - done
[0.571s] -- Check for working CXX compiler: /usr/bin/c++ - skipped
[0.571s] -- Detecting CXX compile features
[0.572s] -- Detecting CXX compile features - done
[0.579s] -- Found ament_cmake: 1.3.12 (/opt/ros/humble/share/ament_cmake/cmake)
[0.915s] -- Found Python3: /usr/bin/python3 (found version "3.10.12") found components: Interpreter 
[1.136s] -- Found rclcpp: 16.0.16 (/opt/ros/humble/share/rclcpp/cmake)
[1.228s] -- Found rosidl_generator_c: 3.1.7 (/opt/ros/humble/share/rosidl_generator_c/cmake)
[1.243s] -- Found rosidl_adapter: 3.1.7 (/opt/ros/humble/share/rosidl_adapter/cmake)
[1.258s] -- Found rosidl_generator_cpp: 3.1.7 (/opt/ros/humble/share/rosidl_generator_cpp/cmake)
[1.281s] -- Using all available rosidl_typesupport_c: rosidl_typesupport_fastrtps_c;rosidl_typesupport_introspection_c
[1.313s] -- Using all available rosidl_typesupport_cpp: rosidl_typesupport_fastrtps_cpp;rosidl_typesupport_introspection_cpp
[1.405s] -- Found rmw_implementation_cmake: 6.1.2 (/opt/ros/humble/share/rmw_implementation_cmake/cmake)
[1.412s] -- Found rmw_fastrtps_cpp: 6.2.9 (/opt/ros/humble/share/rmw_fastrtps_cpp/cmake)
[1.578s] -- Found OpenSSL: /usr/lib/aarch64-linux-gnu/libcrypto.so (found version "3.0.2")  
[1.639s] -- Found FastRTPS: /opt/ros/humble/include  
[1.717s] -- Using RMW implementation 'rmw_fastrtps_cpp' as default
[1.744s] -- Looking for pthread.h
[1.876s] -- Looking for pthread.h - found
[1.876s] -- Performing Test CMAKE_HAVE_LIBC_PTHREAD
[2.010s] -- Performing Test CMAKE_HAVE_LIBC_PTHREAD - Success
[2.012s] -- Found Threads: TRUE  
[2.129s] -- Found rclcpp_action: 16.0.16 (/opt/ros/humble/share/rclcpp_action/cmake)
[2.213s] [31mCMake Error at CMakeLists.txt:11 (find_package):
[2.213s]   By not providing "Findmoveit_ros_planning_interface.cmake" in
[2.213s]   CMAKE_MODULE_PATH this project has asked CMake to find a package
[2.213s]   configuration file provided by "moveit_ros_planning_interface", but CMake
[2.213s]   did not find one.
[2.213s] 
[2.213s]   Could not find a package configuration file provided by
[2.213s]   "moveit_ros_planning_interface" with any of the following names:
[2.214s] 
[2.214s]     moveit_ros_planning_interfaceConfig.cmake
[2.214s]     moveit_ros_planning_interface-config.cmake
[2.214s] 
[2.214s]   Add the installation prefix of "moveit_ros_planning_interface" to
[2.214s]   CMAKE_PREFIX_PATH or set "moveit_ros_planning_interface_DIR" to a directory
[2.214s]   containing one of the above files.  If "moveit_ros_planning_interface"
[2.214s]   provides a separate development package or SDK, be sure it has been
[2.214s]   installed.
[2.214s] 
[2.214s] [0m
[2.215s] -- Configuring incomplete, errors occurred!
[2.215s] See also "/home/sw/ros2_ws/src/ros2-aerial-manipulator/build/omx_real_pick/CMakeFiles/CMakeOutput.log".
[2.242s] Invoked command in '/home/sw/ros2_ws/src/ros2-aerial-manipulator/build/omx_real_pick' returned '1': CMAKE_PREFIX_PATH=${CMAKE_PREFIX_PATH}:/home/sw/ros2_ws/install/camera_detection:/home/sw/ros2_ws/src/PX4-ROS2/install/camera_detection:/home/sw/install/yolo_detection:/home/sw/install/camera_detection:/opt/ros/humble /usr/bin/cmake /home/sw/ros2_ws/src/ros2-aerial-manipulator/omx_real_pick -DCMAKE_INSTALL_PREFIX=/home/sw/ros2_ws/src/ros2-aerial-manipulator/install/omx_real_pick
